<?xml version="1.0" encoding="UTF-8"?>
<!-- Generated by org.testng.reporters.JUnitReportReporter -->
<testsuite hostname="DESKTOP-S34TT7V" name="qaclickacademy.Day2Test" tests="2" failures="0" timestamp="27 May 2019 10:39:50 GMT" time="0.003" errors="0">
  <testcase name="Ploan" time="0.001" classname="qaclickacademy.Day2Test"/>
  <testcase name="SecondTest" time="0.002" classname="qaclickacademy.Day2Test"/>
</testsuite> <!-- qaclickacademy.Day2Test -->
