<?xml version="1.0" encoding="UTF-8"?>
<!-- Generated by org.testng.reporters.JUnitReportReporter -->
<testsuite hostname="DESKTOP-S34TT7V" name="qaclickacademy.Day3Test" tests="5" failures="0" timestamp="27 May 2019 10:39:50 GMT" time="0.007" errors="0">
  <testcase name="MobileLoginCarLoan" time="0.001" classname="qaclickacademy.Day3Test"/>
  <testcase name="MobileSigninCarLoan" time="0.003" classname="qaclickacademy.Day3Test"/>
  <testcase name="APICarLoan" time="0.002" classname="qaclickacademy.Day3Test"/>
  <testcase name="WebLoginCarLoan" time="0.000" classname="qaclickacademy.Day3Test"/>
  <testcase name="MobileSignoutCarLoan" time="0.001" classname="qaclickacademy.Day3Test"/>
</testsuite> <!-- qaclickacademy.Day3Test -->
