<?xml version="1.0" encoding="UTF-8"?>
<!-- Generated by org.testng.reporters.JUnitReportReporter -->
<testsuite hostname="DESKTOP-S34TT7V" name="qaclickacademy.Day1Test" tests="2" failures="0" timestamp="27 May 2019 10:39:50 GMT" time="0.014" errors="0">
  <testcase name="Demo" time="0.013" classname="qaclickacademy.Day1Test"/>
  <testcase name="SecondTest" time="0.001" classname="qaclickacademy.Day1Test"/>
</testsuite> <!-- qaclickacademy.Day1Test -->
