<?xml version="1.0" encoding="UTF-8"?>
<!-- Generated by org.testng.reporters.JUnitReportReporter -->
<testsuite hostname="DESKTOP-S34TT7V" name="qaclickacademy.Day4Test" tests="3" failures="0" timestamp="27 May 2019 10:39:50 GMT" time="0.002" errors="0">
  <testcase name="LoginAPIHomeLoan" time="0.001" classname="qaclickacademy.Day4Test"/>
  <testcase name="MobileLoginHomeLoan" time="0.000" classname="qaclickacademy.Day4Test"/>
  <testcase name="WebLoginHomeLoan" time="0.001" classname="qaclickacademy.Day4Test"/>
</testsuite> <!-- qaclickacademy.Day4Test -->
